<?xml version="1.0" encoding="UTF-8"?>
<testsuite xmlns:xsi="http://www.w3.org/2001/XMLSchema-instance" xsi:noNamespaceSchemaLocation="https://maven.apache.org/surefire/maven-surefire-plugin/xsd/surefire-test-report-3.0.xsd" version="3.0" name="TestSuite" time="15.052" tests="3" errors="0" skipped="0" failures="0">
  <properties>
    <property name="awt.toolkit" value="sun.awt.X11.XToolkit"/>
    <property name="java.specification.version" value="11"/>
    <property name="sun.cpu.isalist" value=""/>
    <property name="sun.jnu.encoding" value="UTF-8"/>
    <property name="java.class.path" value="/home/amamitkucisco/eclipse-workspace/Phase_5Capstone/target/test-classes:/home/amamitkucisco/eclipse-workspace/Phase_5Capstone/target/classes:/home/amamitkucisco/.m2/repository/com/mysql/mysql-connector-j/8.0.32/mysql-connector-j-8.0.32.jar:/home/amamitkucisco/.m2/repository/com/google/protobuf/protobuf-java/3.21.9/protobuf-java-3.21.9.jar:/home/amamitkucisco/.m2/repository/org/seleniumhq/selenium/selenium-java/4.8.1/selenium-java-4.8.1.jar:/home/amamitkucisco/.m2/repository/org/seleniumhq/selenium/selenium-api/4.8.1/selenium-api-4.8.1.jar:/home/amamitkucisco/.m2/repository/org/seleniumhq/selenium/selenium-chrome-driver/4.8.1/selenium-chrome-driver-4.8.1.jar:/home/amamitkucisco/.m2/repository/com/google/auto/service/auto-service-annotations/1.0.1/auto-service-annotations-1.0.1.jar:/home/amamitkucisco/.m2/repository/com/google/auto/service/auto-service/1.0.1/auto-service-1.0.1.jar:/home/amamitkucisco/.m2/repository/com/google/auto/auto-common/1.2/auto-common-1.2.jar:/home/amamitkucisco/.m2/repository/com/google/guava/guava/31.1-jre/guava-31.1-jre.jar:/home/amamitkucisco/.m2/repository/com/google/guava/failureaccess/1.0.1/failureaccess-1.0.1.jar:/home/amamitkucisco/.m2/repository/com/google/guava/listenablefuture/9999.0-empty-to-avoid-conflict-with-guava/listenablefuture-9999.0-empty-to-avoid-conflict-with-guava.jar:/home/amamitkucisco/.m2/repository/com/google/code/findbugs/jsr305/3.0.2/jsr305-3.0.2.jar:/home/amamitkucisco/.m2/repository/org/checkerframework/checker-qual/3.12.0/checker-qual-3.12.0.jar:/home/amamitkucisco/.m2/repository/com/google/errorprone/error_prone_annotations/2.11.0/error_prone_annotations-2.11.0.jar:/home/amamitkucisco/.m2/repository/com/google/j2objc/j2objc-annotations/1.3/j2objc-annotations-1.3.jar:/home/amamitkucisco/.m2/repository/org/seleniumhq/selenium/selenium-chromium-driver/4.8.1/selenium-chromium-driver-4.8.1.jar:/home/amamitkucisco/.m2/repository/org/seleniumhq/selenium/selenium-json/4.8.1/selenium-json-4.8.1.jar:/home/amamitkucisco/.m2/repository/org/seleniumhq/selenium/selenium-devtools-v108/4.8.1/selenium-devtools-v108-4.8.1.jar:/home/amamitkucisco/.m2/repository/org/seleniumhq/selenium/selenium-devtools-v109/4.8.1/selenium-devtools-v109-4.8.1.jar:/home/amamitkucisco/.m2/repository/org/seleniumhq/selenium/selenium-devtools-v110/4.8.1/selenium-devtools-v110-4.8.1.jar:/home/amamitkucisco/.m2/repository/org/seleniumhq/selenium/selenium-devtools-v85/4.8.1/selenium-devtools-v85-4.8.1.jar:/home/amamitkucisco/.m2/repository/org/seleniumhq/selenium/selenium-edge-driver/4.8.1/selenium-edge-driver-4.8.1.jar:/home/amamitkucisco/.m2/repository/org/seleniumhq/selenium/selenium-firefox-driver/4.8.1/selenium-firefox-driver-4.8.1.jar:/home/amamitkucisco/.m2/repository/org/seleniumhq/selenium/selenium-http/4.8.1/selenium-http-4.8.1.jar:/home/amamitkucisco/.m2/repository/dev/failsafe/failsafe/3.3.0/failsafe-3.3.0.jar:/home/amamitkucisco/.m2/repository/org/seleniumhq/selenium/selenium-ie-driver/4.8.1/selenium-ie-driver-4.8.1.jar:/home/amamitkucisco/.m2/repository/org/seleniumhq/selenium/selenium-remote-driver/4.8.1/selenium-remote-driver-4.8.1.jar:/home/amamitkucisco/.m2/repository/io/netty/netty-buffer/4.1.87.Final/netty-buffer-4.1.87.Final.jar:/home/amamitkucisco/.m2/repository/io/netty/netty-codec-http/4.1.87.Final/netty-codec-http-4.1.87.Final.jar:/home/amamitkucisco/.m2/repository/io/netty/netty-codec/4.1.87.Final/netty-codec-4.1.87.Final.jar:/home/amamitkucisco/.m2/repository/io/netty/netty-handler/4.1.87.Final/netty-handler-4.1.87.Final.jar:/home/amamitkucisco/.m2/repository/io/netty/netty-common/4.1.87.Final/netty-common-4.1.87.Final.jar:/home/amamitkucisco/.m2/repository/io/netty/netty-transport-classes-epoll/4.1.87.Final/netty-transport-classes-epoll-4.1.87.Final.jar:/home/amamitkucisco/.m2/repository/io/netty/netty-transport-classes-kqueue/4.1.87.Final/netty-transport-classes-kqueue-4.1.87.Final.jar:/home/amamitkucisco/.m2/repository/io/netty/netty-transport-native-epoll/4.1.87.Final/netty-transport-native-epoll-4.1.87.Final.jar:/home/amamitkucisco/.m2/repository/io/netty/netty-transport-native-kqueue/4.1.87.Final/netty-transport-native-kqueue-4.1.87.Final.jar:/home/amamitkucisco/.m2/repository/io/netty/netty-transport-native-unix-common/4.1.87.Final/netty-transport-native-unix-common-4.1.87.Final.jar:/home/amamitkucisco/.m2/repository/io/netty/netty-transport/4.1.87.Final/netty-transport-4.1.87.Final.jar:/home/amamitkucisco/.m2/repository/io/netty/netty-resolver/4.1.87.Final/netty-resolver-4.1.87.Final.jar:/home/amamitkucisco/.m2/repository/io/opentelemetry/opentelemetry-api/1.22.0/opentelemetry-api-1.22.0.jar:/home/amamitkucisco/.m2/repository/io/opentelemetry/opentelemetry-context/1.22.0/opentelemetry-context-1.22.0.jar:/home/amamitkucisco/.m2/repository/io/opentelemetry/opentelemetry-exporter-logging/1.22.0/opentelemetry-exporter-logging-1.22.0.jar:/home/amamitkucisco/.m2/repository/io/opentelemetry/opentelemetry-sdk-metrics/1.22.0/opentelemetry-sdk-metrics-1.22.0.jar:/home/amamitkucisco/.m2/repository/io/opentelemetry/opentelemetry-sdk-logs/1.22.0-alpha/opentelemetry-sdk-logs-1.22.0-alpha.jar:/home/amamitkucisco/.m2/repository/io/opentelemetry/opentelemetry-api-logs/1.22.0-alpha/opentelemetry-api-logs-1.22.0-alpha.jar:/home/amamitkucisco/.m2/repository/io/opentelemetry/opentelemetry-sdk-common/1.22.0/opentelemetry-sdk-common-1.22.0.jar:/home/amamitkucisco/.m2/repository/io/opentelemetry/opentelemetry-sdk-extension-autoconfigure-spi/1.22.0/opentelemetry-sdk-extension-autoconfigure-spi-1.22.0.jar:/home/amamitkucisco/.m2/repository/io/opentelemetry/opentelemetry-sdk-extension-autoconfigure/1.22.0-alpha/opentelemetry-sdk-extension-autoconfigure-1.22.0-alpha.jar:/home/amamitkucisco/.m2/repository/io/opentelemetry/opentelemetry-sdk-trace/1.22.0/opentelemetry-sdk-trace-1.22.0.jar:/home/amamitkucisco/.m2/repository/io/opentelemetry/opentelemetry-sdk/1.22.0/opentelemetry-sdk-1.22.0.jar:/home/amamitkucisco/.m2/repository/io/opentelemetry/opentelemetry-semconv/1.22.0-alpha/opentelemetry-semconv-1.22.0-alpha.jar:/home/amamitkucisco/.m2/repository/io/ous/jtoml/2.0.0/jtoml-2.0.0.jar:/home/amamitkucisco/.m2/repository/net/bytebuddy/byte-buddy/1.12.22/byte-buddy-1.12.22.jar:/home/amamitkucisco/.m2/repository/org/apache/commons/commons-exec/1.3/commons-exec-1.3.jar:/home/amamitkucisco/.m2/repository/org/asynchttpclient/async-http-client/2.12.3/async-http-client-2.12.3.jar:/home/amamitkucisco/.m2/repository/org/asynchttpclient/async-http-client-netty-utils/2.12.3/async-http-client-netty-utils-2.12.3.jar:/home/amamitkucisco/.m2/repository/io/netty/netty-codec-socks/4.1.60.Final/netty-codec-socks-4.1.60.Final.jar:/home/amamitkucisco/.m2/repository/io/netty/netty-handler-proxy/4.1.60.Final/netty-handler-proxy-4.1.60.Final.jar:/home/amamitkucisco/.m2/repository/io/netty/netty-transport-native-epoll/4.1.60.Final/netty-transport-native-epoll-4.1.60.Final-linux-x86_64.jar:/home/amamitkucisco/.m2/repository/io/netty/netty-transport-native-kqueue/4.1.60.Final/netty-transport-native-kqueue-4.1.60.Final-osx-x86_64.jar:/home/amamitkucisco/.m2/repository/org/reactivestreams/reactive-streams/1.0.3/reactive-streams-1.0.3.jar:/home/amamitkucisco/.m2/repository/com/typesafe/netty/netty-reactive-streams/2.0.4/netty-reactive-streams-2.0.4.jar:/home/amamitkucisco/.m2/repository/com/sun/activation/jakarta.activation/1.2.2/jakarta.activation-1.2.2.jar:/home/amamitkucisco/.m2/repository/org/seleniumhq/selenium/selenium-manager/4.8.1/selenium-manager-4.8.1.jar:/home/amamitkucisco/.m2/repository/org/seleniumhq/selenium/selenium-safari-driver/4.8.1/selenium-safari-driver-4.8.1.jar:/home/amamitkucisco/.m2/repository/org/seleniumhq/selenium/selenium-support/4.8.1/selenium-support-4.8.1.jar:/home/amamitkucisco/.m2/repository/org/testng/testng/6.14.3/testng-6.14.3.jar:/home/amamitkucisco/.m2/repository/com/beust/jcommander/1.72/jcommander-1.72.jar:/home/amamitkucisco/.m2/repository/org/apache-extras/beanshell/bsh/2.0b6/bsh-2.0b6.jar:/home/amamitkucisco/.m2/repository/org/apache/poi/poi/5.2.3/poi-5.2.3.jar:/home/amamitkucisco/.m2/repository/commons-codec/commons-codec/1.15/commons-codec-1.15.jar:/home/amamitkucisco/.m2/repository/org/apache/commons/commons-collections4/4.4/commons-collections4-4.4.jar:/home/amamitkucisco/.m2/repository/org/apache/commons/commons-math3/3.6.1/commons-math3-3.6.1.jar:/home/amamitkucisco/.m2/repository/commons-io/commons-io/2.11.0/commons-io-2.11.0.jar:/home/amamitkucisco/.m2/repository/com/zaxxer/SparseBitSet/1.2/SparseBitSet-1.2.jar:/home/amamitkucisco/.m2/repository/org/apache/logging/log4j/log4j-api/2.18.0/log4j-api-2.18.0.jar:/home/amamitkucisco/.m2/repository/org/apache/poi/poi-ooxml/5.2.3/poi-ooxml-5.2.3.jar:/home/amamitkucisco/.m2/repository/org/apache/poi/poi-ooxml-lite/5.2.3/poi-ooxml-lite-5.2.3.jar:/home/amamitkucisco/.m2/repository/org/apache/xmlbeans/xmlbeans/5.1.1/xmlbeans-5.1.1.jar:/home/amamitkucisco/.m2/repository/org/apache/commons/commons-compress/1.21/commons-compress-1.21.jar:/home/amamitkucisco/.m2/repository/com/github/virtuald/curvesapi/1.07/curvesapi-1.07.jar:/home/amamitkucisco/.m2/repository/io/cucumber/cucumber-java/7.11.0/cucumber-java-7.11.0.jar:/home/amamitkucisco/.m2/repository/org/apiguardian/apiguardian-api/1.1.2/apiguardian-api-1.1.2.jar:/home/amamitkucisco/.m2/repository/io/cucumber/cucumber-core/7.11.0/cucumber-core-7.11.0.jar:/home/amamitkucisco/.m2/repository/io/cucumber/cucumber-gherkin/7.11.0/cucumber-gherkin-7.11.0.jar:/home/amamitkucisco/.m2/repository/io/cucumber/cucumber-gherkin-messages/7.11.0/cucumber-gherkin-messages-7.11.0.jar:/home/amamitkucisco/.m2/repository/io/cucumber/gherkin/26.0.3/gherkin-26.0.3.jar:/home/amamitkucisco/.m2/repository/io/cucumber/messages/21.0.1/messages-21.0.1.jar:/home/amamitkucisco/.m2/repository/io/cucumber/tag-expressions/5.0.1/tag-expressions-5.0.1.jar:/home/amamitkucisco/.m2/repository/io/cucumber/cucumber-expressions/16.1.1/cucumber-expressions-16.1.1.jar:/home/amamitkucisco/.m2/repository/io/cucumber/datatable/7.11.0/datatable-7.11.0.jar:/home/amamitkucisco/.m2/repository/io/cucumber/cucumber-plugin/7.11.0/cucumber-plugin-7.11.0.jar:/home/amamitkucisco/.m2/repository/io/cucumber/docstring/7.11.0/docstring-7.11.0.jar:/home/amamitkucisco/.m2/repository/io/cucumber/html-formatter/20.2.1/html-formatter-20.2.1.jar:/home/amamitkucisco/.m2/repository/io/cucumber/junit-xml-formatter/0.1.0/junit-xml-formatter-0.1.0.jar:/home/amamitkucisco/.m2/repository/io/cucumber/ci-environment/9.1.0/ci-environment-9.1.0.jar:/home/amamitkucisco/.m2/repository/io/appium/java-client/8.3.0/java-client-8.3.0.jar:/home/amamitkucisco/.m2/repository/com/google/code/gson/gson/2.10/gson-2.10.jar:/home/amamitkucisco/.m2/repository/cglib/cglib/3.3.0/cglib-3.3.0.jar:/home/amamitkucisco/.m2/repository/org/ow2/asm/asm/7.1/asm-7.1.jar:/home/amamitkucisco/.m2/repository/commons-validator/commons-validator/1.7/commons-validator-1.7.jar:/home/amamitkucisco/.m2/repository/commons-beanutils/commons-beanutils/1.9.4/commons-beanutils-1.9.4.jar:/home/amamitkucisco/.m2/repository/commons-digester/commons-digester/2.1/commons-digester-2.1.jar:/home/amamitkucisco/.m2/repository/commons-logging/commons-logging/1.2/commons-logging-1.2.jar:/home/amamitkucisco/.m2/repository/commons-collections/commons-collections/3.2.2/commons-collections-3.2.2.jar:/home/amamitkucisco/.m2/repository/org/apache/commons/commons-lang3/3.12.0/commons-lang3-3.12.0.jar:/home/amamitkucisco/.m2/repository/org/slf4j/slf4j-api/2.0.5/slf4j-api-2.0.5.jar:"/>
    <property name="java.vm.vendor" value="Ubuntu"/>
    <property name="sun.arch.data.model" value="64"/>
    <property name="java.vendor.url" value="https://ubuntu.com/"/>
    <property name="user.timezone" value="Etc/UTC"/>
    <property name="java.vm.specification.version" value="11"/>
    <property name="os.name" value="Linux"/>
    <property name="sun.java.launcher" value="SUN_STANDARD"/>
    <property name="user.country" value="US"/>
    <property name="sun.boot.library.path" value="/usr/lib/jvm/java-11-openjdk-amd64/lib"/>
    <property name="sun.java.command" value="/home/amamitkucisco/eclipse-workspace/Phase_5Capstone/target/surefire/surefirebooter-20230324062948935_3.jar /home/amamitkucisco/eclipse-workspace/Phase_5Capstone/target/surefire 2023-03-24T06-29-48_539-jvmRun1 surefire-20230324062948935_1tmp surefire_0-20230324062948935_2tmp"/>
    <property name="jdk.debug" value="release"/>
    <property name="surefire.test.class.path" value="/home/amamitkucisco/eclipse-workspace/Phase_5Capstone/target/test-classes:/home/amamitkucisco/eclipse-workspace/Phase_5Capstone/target/classes:/home/amamitkucisco/.m2/repository/com/mysql/mysql-connector-j/8.0.32/mysql-connector-j-8.0.32.jar:/home/amamitkucisco/.m2/repository/com/google/protobuf/protobuf-java/3.21.9/protobuf-java-3.21.9.jar:/home/amamitkucisco/.m2/repository/org/seleniumhq/selenium/selenium-java/4.8.1/selenium-java-4.8.1.jar:/home/amamitkucisco/.m2/repository/org/seleniumhq/selenium/selenium-api/4.8.1/selenium-api-4.8.1.jar:/home/amamitkucisco/.m2/repository/org/seleniumhq/selenium/selenium-chrome-driver/4.8.1/selenium-chrome-driver-4.8.1.jar:/home/amamitkucisco/.m2/repository/com/google/auto/service/auto-service-annotations/1.0.1/auto-service-annotations-1.0.1.jar:/home/amamitkucisco/.m2/repository/com/google/auto/service/auto-service/1.0.1/auto-service-1.0.1.jar:/home/amamitkucisco/.m2/repository/com/google/auto/auto-common/1.2/auto-common-1.2.jar:/home/amamitkucisco/.m2/repository/com/google/guava/guava/31.1-jre/guava-31.1-jre.jar:/home/amamitkucisco/.m2/repository/com/google/guava/failureaccess/1.0.1/failureaccess-1.0.1.jar:/home/amamitkucisco/.m2/repository/com/google/guava/listenablefuture/9999.0-empty-to-avoid-conflict-with-guava/listenablefuture-9999.0-empty-to-avoid-conflict-with-guava.jar:/home/amamitkucisco/.m2/repository/com/google/code/findbugs/jsr305/3.0.2/jsr305-3.0.2.jar:/home/amamitkucisco/.m2/repository/org/checkerframework/checker-qual/3.12.0/checker-qual-3.12.0.jar:/home/amamitkucisco/.m2/repository/com/google/errorprone/error_prone_annotations/2.11.0/error_prone_annotations-2.11.0.jar:/home/amamitkucisco/.m2/repository/com/google/j2objc/j2objc-annotations/1.3/j2objc-annotations-1.3.jar:/home/amamitkucisco/.m2/repository/org/seleniumhq/selenium/selenium-chromium-driver/4.8.1/selenium-chromium-driver-4.8.1.jar:/home/amamitkucisco/.m2/repository/org/seleniumhq/selenium/selenium-json/4.8.1/selenium-json-4.8.1.jar:/home/amamitkucisco/.m2/repository/org/seleniumhq/selenium/selenium-devtools-v108/4.8.1/selenium-devtools-v108-4.8.1.jar:/home/amamitkucisco/.m2/repository/org/seleniumhq/selenium/selenium-devtools-v109/4.8.1/selenium-devtools-v109-4.8.1.jar:/home/amamitkucisco/.m2/repository/org/seleniumhq/selenium/selenium-devtools-v110/4.8.1/selenium-devtools-v110-4.8.1.jar:/home/amamitkucisco/.m2/repository/org/seleniumhq/selenium/selenium-devtools-v85/4.8.1/selenium-devtools-v85-4.8.1.jar:/home/amamitkucisco/.m2/repository/org/seleniumhq/selenium/selenium-edge-driver/4.8.1/selenium-edge-driver-4.8.1.jar:/home/amamitkucisco/.m2/repository/org/seleniumhq/selenium/selenium-firefox-driver/4.8.1/selenium-firefox-driver-4.8.1.jar:/home/amamitkucisco/.m2/repository/org/seleniumhq/selenium/selenium-http/4.8.1/selenium-http-4.8.1.jar:/home/amamitkucisco/.m2/repository/dev/failsafe/failsafe/3.3.0/failsafe-3.3.0.jar:/home/amamitkucisco/.m2/repository/org/seleniumhq/selenium/selenium-ie-driver/4.8.1/selenium-ie-driver-4.8.1.jar:/home/amamitkucisco/.m2/repository/org/seleniumhq/selenium/selenium-remote-driver/4.8.1/selenium-remote-driver-4.8.1.jar:/home/amamitkucisco/.m2/repository/io/netty/netty-buffer/4.1.87.Final/netty-buffer-4.1.87.Final.jar:/home/amamitkucisco/.m2/repository/io/netty/netty-codec-http/4.1.87.Final/netty-codec-http-4.1.87.Final.jar:/home/amamitkucisco/.m2/repository/io/netty/netty-codec/4.1.87.Final/netty-codec-4.1.87.Final.jar:/home/amamitkucisco/.m2/repository/io/netty/netty-handler/4.1.87.Final/netty-handler-4.1.87.Final.jar:/home/amamitkucisco/.m2/repository/io/netty/netty-common/4.1.87.Final/netty-common-4.1.87.Final.jar:/home/amamitkucisco/.m2/repository/io/netty/netty-transport-classes-epoll/4.1.87.Final/netty-transport-classes-epoll-4.1.87.Final.jar:/home/amamitkucisco/.m2/repository/io/netty/netty-transport-classes-kqueue/4.1.87.Final/netty-transport-classes-kqueue-4.1.87.Final.jar:/home/amamitkucisco/.m2/repository/io/netty/netty-transport-native-epoll/4.1.87.Final/netty-transport-native-epoll-4.1.87.Final.jar:/home/amamitkucisco/.m2/repository/io/netty/netty-transport-native-kqueue/4.1.87.Final/netty-transport-native-kqueue-4.1.87.Final.jar:/home/amamitkucisco/.m2/repository/io/netty/netty-transport-native-unix-common/4.1.87.Final/netty-transport-native-unix-common-4.1.87.Final.jar:/home/amamitkucisco/.m2/repository/io/netty/netty-transport/4.1.87.Final/netty-transport-4.1.87.Final.jar:/home/amamitkucisco/.m2/repository/io/netty/netty-resolver/4.1.87.Final/netty-resolver-4.1.87.Final.jar:/home/amamitkucisco/.m2/repository/io/opentelemetry/opentelemetry-api/1.22.0/opentelemetry-api-1.22.0.jar:/home/amamitkucisco/.m2/repository/io/opentelemetry/opentelemetry-context/1.22.0/opentelemetry-context-1.22.0.jar:/home/amamitkucisco/.m2/repository/io/opentelemetry/opentelemetry-exporter-logging/1.22.0/opentelemetry-exporter-logging-1.22.0.jar:/home/amamitkucisco/.m2/repository/io/opentelemetry/opentelemetry-sdk-metrics/1.22.0/opentelemetry-sdk-metrics-1.22.0.jar:/home/amamitkucisco/.m2/repository/io/opentelemetry/opentelemetry-sdk-logs/1.22.0-alpha/opentelemetry-sdk-logs-1.22.0-alpha.jar:/home/amamitkucisco/.m2/repository/io/opentelemetry/opentelemetry-api-logs/1.22.0-alpha/opentelemetry-api-logs-1.22.0-alpha.jar:/home/amamitkucisco/.m2/repository/io/opentelemetry/opentelemetry-sdk-common/1.22.0/opentelemetry-sdk-common-1.22.0.jar:/home/amamitkucisco/.m2/repository/io/opentelemetry/opentelemetry-sdk-extension-autoconfigure-spi/1.22.0/opentelemetry-sdk-extension-autoconfigure-spi-1.22.0.jar:/home/amamitkucisco/.m2/repository/io/opentelemetry/opentelemetry-sdk-extension-autoconfigure/1.22.0-alpha/opentelemetry-sdk-extension-autoconfigure-1.22.0-alpha.jar:/home/amamitkucisco/.m2/repository/io/opentelemetry/opentelemetry-sdk-trace/1.22.0/opentelemetry-sdk-trace-1.22.0.jar:/home/amamitkucisco/.m2/repository/io/opentelemetry/opentelemetry-sdk/1.22.0/opentelemetry-sdk-1.22.0.jar:/home/amamitkucisco/.m2/repository/io/opentelemetry/opentelemetry-semconv/1.22.0-alpha/opentelemetry-semconv-1.22.0-alpha.jar:/home/amamitkucisco/.m2/repository/io/ous/jtoml/2.0.0/jtoml-2.0.0.jar:/home/amamitkucisco/.m2/repository/net/bytebuddy/byte-buddy/1.12.22/byte-buddy-1.12.22.jar:/home/amamitkucisco/.m2/repository/org/apache/commons/commons-exec/1.3/commons-exec-1.3.jar:/home/amamitkucisco/.m2/repository/org/asynchttpclient/async-http-client/2.12.3/async-http-client-2.12.3.jar:/home/amamitkucisco/.m2/repository/org/asynchttpclient/async-http-client-netty-utils/2.12.3/async-http-client-netty-utils-2.12.3.jar:/home/amamitkucisco/.m2/repository/io/netty/netty-codec-socks/4.1.60.Final/netty-codec-socks-4.1.60.Final.jar:/home/amamitkucisco/.m2/repository/io/netty/netty-handler-proxy/4.1.60.Final/netty-handler-proxy-4.1.60.Final.jar:/home/amamitkucisco/.m2/repository/io/netty/netty-transport-native-epoll/4.1.60.Final/netty-transport-native-epoll-4.1.60.Final-linux-x86_64.jar:/home/amamitkucisco/.m2/repository/io/netty/netty-transport-native-kqueue/4.1.60.Final/netty-transport-native-kqueue-4.1.60.Final-osx-x86_64.jar:/home/amamitkucisco/.m2/repository/org/reactivestreams/reactive-streams/1.0.3/reactive-streams-1.0.3.jar:/home/amamitkucisco/.m2/repository/com/typesafe/netty/netty-reactive-streams/2.0.4/netty-reactive-streams-2.0.4.jar:/home/amamitkucisco/.m2/repository/com/sun/activation/jakarta.activation/1.2.2/jakarta.activation-1.2.2.jar:/home/amamitkucisco/.m2/repository/org/seleniumhq/selenium/selenium-manager/4.8.1/selenium-manager-4.8.1.jar:/home/amamitkucisco/.m2/repository/org/seleniumhq/selenium/selenium-safari-driver/4.8.1/selenium-safari-driver-4.8.1.jar:/home/amamitkucisco/.m2/repository/org/seleniumhq/selenium/selenium-support/4.8.1/selenium-support-4.8.1.jar:/home/amamitkucisco/.m2/repository/org/testng/testng/6.14.3/testng-6.14.3.jar:/home/amamitkucisco/.m2/repository/com/beust/jcommander/1.72/jcommander-1.72.jar:/home/amamitkucisco/.m2/repository/org/apache-extras/beanshell/bsh/2.0b6/bsh-2.0b6.jar:/home/amamitkucisco/.m2/repository/org/apache/poi/poi/5.2.3/poi-5.2.3.jar:/home/amamitkucisco/.m2/repository/commons-codec/commons-codec/1.15/commons-codec-1.15.jar:/home/amamitkucisco/.m2/repository/org/apache/commons/commons-collections4/4.4/commons-collections4-4.4.jar:/home/amamitkucisco/.m2/repository/org/apache/commons/commons-math3/3.6.1/commons-math3-3.6.1.jar:/home/amamitkucisco/.m2/repository/commons-io/commons-io/2.11.0/commons-io-2.11.0.jar:/home/amamitkucisco/.m2/repository/com/zaxxer/SparseBitSet/1.2/SparseBitSet-1.2.jar:/home/amamitkucisco/.m2/repository/org/apache/logging/log4j/log4j-api/2.18.0/log4j-api-2.18.0.jar:/home/amamitkucisco/.m2/repository/org/apache/poi/poi-ooxml/5.2.3/poi-ooxml-5.2.3.jar:/home/amamitkucisco/.m2/repository/org/apache/poi/poi-ooxml-lite/5.2.3/poi-ooxml-lite-5.2.3.jar:/home/amamitkucisco/.m2/repository/org/apache/xmlbeans/xmlbeans/5.1.1/xmlbeans-5.1.1.jar:/home/amamitkucisco/.m2/repository/org/apache/commons/commons-compress/1.21/commons-compress-1.21.jar:/home/amamitkucisco/.m2/repository/com/github/virtuald/curvesapi/1.07/curvesapi-1.07.jar:/home/amamitkucisco/.m2/repository/io/cucumber/cucumber-java/7.11.0/cucumber-java-7.11.0.jar:/home/amamitkucisco/.m2/repository/org/apiguardian/apiguardian-api/1.1.2/apiguardian-api-1.1.2.jar:/home/amamitkucisco/.m2/repository/io/cucumber/cucumber-core/7.11.0/cucumber-core-7.11.0.jar:/home/amamitkucisco/.m2/repository/io/cucumber/cucumber-gherkin/7.11.0/cucumber-gherkin-7.11.0.jar:/home/amamitkucisco/.m2/repository/io/cucumber/cucumber-gherkin-messages/7.11.0/cucumber-gherkin-messages-7.11.0.jar:/home/amamitkucisco/.m2/repository/io/cucumber/gherkin/26.0.3/gherkin-26.0.3.jar:/home/amamitkucisco/.m2/repository/io/cucumber/messages/21.0.1/messages-21.0.1.jar:/home/amamitkucisco/.m2/repository/io/cucumber/tag-expressions/5.0.1/tag-expressions-5.0.1.jar:/home/amamitkucisco/.m2/repository/io/cucumber/cucumber-expressions/16.1.1/cucumber-expressions-16.1.1.jar:/home/amamitkucisco/.m2/repository/io/cucumber/datatable/7.11.0/datatable-7.11.0.jar:/home/amamitkucisco/.m2/repository/io/cucumber/cucumber-plugin/7.11.0/cucumber-plugin-7.11.0.jar:/home/amamitkucisco/.m2/repository/io/cucumber/docstring/7.11.0/docstring-7.11.0.jar:/home/amamitkucisco/.m2/repository/io/cucumber/html-formatter/20.2.1/html-formatter-20.2.1.jar:/home/amamitkucisco/.m2/repository/io/cucumber/junit-xml-formatter/0.1.0/junit-xml-formatter-0.1.0.jar:/home/amamitkucisco/.m2/repository/io/cucumber/ci-environment/9.1.0/ci-environment-9.1.0.jar:/home/amamitkucisco/.m2/repository/io/appium/java-client/8.3.0/java-client-8.3.0.jar:/home/amamitkucisco/.m2/repository/com/google/code/gson/gson/2.10/gson-2.10.jar:/home/amamitkucisco/.m2/repository/cglib/cglib/3.3.0/cglib-3.3.0.jar:/home/amamitkucisco/.m2/repository/org/ow2/asm/asm/7.1/asm-7.1.jar:/home/amamitkucisco/.m2/repository/commons-validator/commons-validator/1.7/commons-validator-1.7.jar:/home/amamitkucisco/.m2/repository/commons-beanutils/commons-beanutils/1.9.4/commons-beanutils-1.9.4.jar:/home/amamitkucisco/.m2/repository/commons-digester/commons-digester/2.1/commons-digester-2.1.jar:/home/amamitkucisco/.m2/repository/commons-logging/commons-logging/1.2/commons-logging-1.2.jar:/home/amamitkucisco/.m2/repository/commons-collections/commons-collections/3.2.2/commons-collections-3.2.2.jar:/home/amamitkucisco/.m2/repository/org/apache/commons/commons-lang3/3.12.0/commons-lang3-3.12.0.jar:/home/amamitkucisco/.m2/repository/org/slf4j/slf4j-api/2.0.5/slf4j-api-2.0.5.jar:"/>
    <property name="sun.cpu.endian" value="little"/>
    <property name="user.home" value="/home/amamitkucisco"/>
    <property name="user.language" value="en"/>
    <property name="java.specification.vendor" value="Oracle Corporation"/>
    <property name="java.version.date" value="2022-01-18"/>
    <property name="java.home" value="/usr/lib/jvm/java-11-openjdk-amd64"/>
    <property name="file.separator" value="/"/>
    <property name="basedir" value="/home/amamitkucisco/eclipse-workspace/Phase_5Capstone"/>
    <property name="java.vm.compressedOopsMode" value="Zero based"/>
    <property name="line.separator" value="&#10;"/>
    <property name="java.specification.name" value="Java Platform API Specification"/>
    <property name="java.vm.specification.vendor" value="Oracle Corporation"/>
    <property name="java.awt.graphicsenv" value="sun.awt.X11GraphicsEnvironment"/>
    <property name="surefire.real.class.path" value="/home/amamitkucisco/eclipse-workspace/Phase_5Capstone/target/surefire/surefirebooter-20230324062948935_3.jar"/>
    <property name="sun.management.compiler" value="HotSpot 64-Bit Tiered Compilers"/>
    <property name="java.runtime.version" value="11.0.14+9-Ubuntu-0ubuntu2.16.04"/>
    <property name="user.name" value="amamitkucisco"/>
    <property name="path.separator" value=":"/>
    <property name="os.version" value="4.4.0-1113-aws"/>
    <property name="java.runtime.name" value="OpenJDK Runtime Environment"/>
    <property name="file.encoding" value="UTF-8"/>
    <property name="java.vm.name" value="OpenJDK 64-Bit Server VM"/>
    <property name="localRepository" value="/home/amamitkucisco/.m2/repository"/>
    <property name="java.vendor.url.bug" value="https://bugs.launchpad.net/ubuntu/+source/openjdk-lts"/>
    <property name="java.io.tmpdir" value="/tmp"/>
    <property name="java.version" value="11.0.14"/>
    <property name="user.dir" value="/home/amamitkucisco/eclipse-workspace/Phase_5Capstone"/>
    <property name="os.arch" value="amd64"/>
    <property name="java.vm.specification.name" value="Java Virtual Machine Specification"/>
    <property name="java.awt.printerjob" value="sun.print.PSPrinterJob"/>
    <property name="sun.os.patch.level" value="unknown"/>
    <property name="java.library.path" value="/usr/java/packages/lib:/usr/lib/x86_64-linux-gnu/jni:/lib/x86_64-linux-gnu:/usr/lib/x86_64-linux-gnu:/usr/lib/jni:/lib:/usr/lib"/>
    <property name="java.vm.info" value="mixed mode, sharing"/>
    <property name="java.vendor" value="Ubuntu"/>
    <property name="java.vm.version" value="11.0.14+9-Ubuntu-0ubuntu2.16.04"/>
    <property name="sun.io.unicode.encoding" value="UnicodeLittle"/>
    <property name="java.class.version" value="55.0"/>
  </properties>
  <testcase name="Test" classname="com.test.JDBC.TestNg" time="5.192">
    <system-out><![CDATA[[TestNGContentHandler] [WARN] It is strongly recommended to add "<!DOCTYPE suite SYSTEM "http://testng.org/testng-1.0.dtd" >" at the top of your file, otherwise TestNG may fail or not work as expected.
122
amit kumar
Bengaluru
amit121@cisco.com
4
2023-03-22 14:22:54
amit
Bgl-16
amit kumar
Bengaluru
amit300@cisco.com
5
2023-03-24 05:17:18
amit
Bgl-16
amit kumar
Bengaluru
amit166@cisco.com
6
2023-03-24 06:19:11
amit
Bgl-16
amit kumar
Bengaluru
amit602@cisco.com
7
2023-03-24 06:25:27
amit
Bgl-16
amit kumar
Bengaluru
amit170@cisco.com
8
2023-03-24 06:27:22
amit
Bgl-16
amit kumar
Bengaluru
amit122@cisco.com
9
2023-03-24 06:29:52
amit
Bgl-16
done
amit kumar
Bengaluru
amit122@cisco.com
Bgl-16
amit
amit kumar
Bengaluru
amit121@cisco.com
4
2023-03-22 14:22:54
amit
Bgl-16
amit kumar
Bengaluru
amit300@cisco.com
5
2023-03-24 05:17:18
amit
Bgl-16
amit kumar
Bengaluru
amit166@cisco.com
6
2023-03-24 06:19:11
amit
Bgl-16
amit kumar
Bengaluru
amit602@cisco.com
7
2023-03-24 06:25:27
amit
Bgl-16
amit kumar
Bengaluru
amit170@cisco.com
8
2023-03-24 06:27:22
amit
Bgl-16
amit kumar
Bengaluru
amit122@cisco.com
9
2023-03-24 06:29:52
amit
Bgl-16
done
printing act_details and exp_details
amit kumar
amit kumar
Details are Validated
Bengaluru
Bengaluru
Details are Validated
amit122@cisco.com
amit122@cisco.com
Details are Validated
Bgl-16
Bgl-16
Details are Validated
amit
amit
Details are Validated


expected_value = 1
actual_Value = 1
]]></system-out>
    <system-err><![CDATA[SLF4J: No SLF4J providers were found.
SLF4J: Defaulting to no-operation (NOP) logger implementation
SLF4J: See https://www.slf4j.org/codes.html#noProviders for further details.
ERROR StatusLogger Log4j2 could not find a logging implementation. Please add log4j-core to the classpath. Using SimpleLogger to log to the console...
Starting ChromeDriver 2.41.578700 (2f1ed5f9343c13f73144538f15c00b370eda6706) on port 11684
Only local connections are allowed.
Mar 24, 2023 6:29:51 AM org.openqa.selenium.devtools.CdpVersionFinder findNearestMatch
WARNING: Unable to find CDP implementation matching 83
Mar 24, 2023 6:29:51 AM org.openqa.selenium.chromium.ChromiumDriver lambda$new$3
WARNING: Unable to find version of CDP to use for . You may need to include a dependency on a specific version of the CDP using something similar to `org.seleniumhq.selenium:selenium-devtools-v86:4.8.1` where the version ("v86") matches the version of the chromium-based browser you're using and the version number of the artifact is the same as Selenium's.
]]></system-err>
  </testcase>
  <testcase name="Test1" classname="com.test.JDBC.TestNg" time="4.017">
    <system-out><![CDATA[printing No of Rows3
   


Printing the table from home page
Source
Destination
Airline
Duration
Cost
 
Bangalore
Chennai
AirAsia
Dep.8 pm Arr.9.30pm (1.30 hours)
4500.00
Book Flight
Bangalore
Hyderabad
Vistara
Dep.8 AM Arr.10:30 AMx (2.5 HOURS)
2500.00
Book Flight



Printing From location inside dropdown
Bangalore



Printing TO location inside dropdown
Hyderabad
printing No of Rows2
Source,
Destination,
Airline,
Duration,
Cost,
 ,
Bangalore,
Hyderabad,
Vistara,
Dep.8 AM Arr.10:30 AMx (2.5 HOURS),
2500.00,
Book Flight,



Source
Destination
Airline
Duration
Cost
 
Bangalore
Hyderabad
Vistara
Dep.8 AM Arr.10:30 AMx (2.5 HOURS)
2500.00
Book Flight
printing from and to from table after submit to verify
Bangalore
Hyderabad



Source Location Validated
Destination Location Validated


expected_value = 2
actual_Value = 2
]]></system-out>
    <system-err><![CDATA[Starting ChromeDriver 2.41.578700 (2f1ed5f9343c13f73144538f15c00b370eda6706) on port 19634
Only local connections are allowed.
Mar 24, 2023 6:29:55 AM org.openqa.selenium.devtools.CdpVersionFinder findNearestMatch
WARNING: Unable to find CDP implementation matching 83
Mar 24, 2023 6:29:55 AM org.openqa.selenium.chromium.ChromiumDriver lambda$new$3
WARNING: Unable to find version of CDP to use for . You may need to include a dependency on a specific version of the CDP using something similar to `org.seleniumhq.selenium:selenium-devtools-v86:4.8.1` where the version ("v86") matches the version of the chromium-based browser you're using and the version number of the artifact is the same as Selenium's.
]]></system-err>
  </testcase>
  <testcase name="Test2" classname="com.test.JDBC.TestNg" time="5.547">
    <system-out><![CDATA[Printing From location inside dropdown
Bangalore



Printing TO location inside dropdown
Hyderabad
printing No of Rows15
Date Of Booking,
Source,
Destination,
Airline,
Cost,
2023-03-24 06:30:00.0,
Bangalore,
Hyderabad,
Dep.8 AM Arr.10:30 AMx (2.5 HOURS),
2500.00,
2023-03-24 06:27:30.0,
Bangalore,
Hyderabad,
Dep.8 AM Arr.10:30 AMx (2.5 HOURS),
2500.00,
2023-03-24 06:25:35.0,
Bangalore,
Hyderabad,
Dep.8 AM Arr.10:30 AMx (2.5 HOURS),
2500.00,
2023-03-24 06:19:20.0,
Bangalore,
Hyderabad,
Dep.8 AM Arr.10:30 AMx (2.5 HOURS),
2500.00,
2023-03-24 05:17:22.0,
Bangalore,
Hyderabad,
Dep.8 AM Arr.10:30 AMx (2.5 HOURS),
2500.00,
2023-03-24 05:10:07.0,
Bangalore,
Hyderabad,
Dep.8 AM Arr.10:30 AMx (2.5 HOURS),
2500.00,
2023-03-24 05:08:44.0,
Bangalore,
Hyderabad,
Dep.8 AM Arr.10:30 AMx (2.5 HOURS),
2500.00,
2023-03-24 05:02:06.0,
Bangalore,
Hyderabad,
Dep.8 AM Arr.10:30 AMx (2.5 HOURS),
2500.00,
2023-03-24 04:42:32.0,
Bangalore,
Hyderabad,
Dep.8 AM Arr.10:30 AMx (2.5 HOURS),
2500.00,
2023-03-23 03:45:41.0,
Bangalore,
Hyderabad,
Dep.8 AM Arr.10:30 AMx (2.5 HOURS),
2500.00,
2023-03-23 03:44:37.0,
Bangalore,
Hyderabad,
Dep.8 AM Arr.10:30 AMx (2.5 HOURS),
2500.00,
2023-03-22 15:31:48.0,
Bangalore,
Hyderabad,
Dep.8 AM Arr.10:30 AMx (2.5 HOURS),
2500.00,
2023-03-22 15:22:43.0,
Bangalore,
Hyderabad,
Dep.8 AM Arr.10:30 AMx (2.5 HOURS),
2500.00,
2023-03-22 14:24:38.0,
Bangalore,
Hyderabad,
Dep.8 AM Arr.10:30 AMx (2.5 HOURS),
2500.00,



Date Of Booking
Source
Destination
Airline
Cost
2023-03-24 06:30:00.0
Bangalore
Hyderabad
Dep.8 AM Arr.10:30 AMx (2.5 HOURS)
2500.00
2023-03-24 06:27:30.0
Bangalore
Hyderabad
Dep.8 AM Arr.10:30 AMx (2.5 HOURS)
2500.00
2023-03-24 06:25:35.0
Bangalore
Hyderabad
Dep.8 AM Arr.10:30 AMx (2.5 HOURS)
2500.00
2023-03-24 06:19:20.0
Bangalore
Hyderabad
Dep.8 AM Arr.10:30 AMx (2.5 HOURS)
2500.00
2023-03-24 05:17:22.0
Bangalore
Hyderabad
Dep.8 AM Arr.10:30 AMx (2.5 HOURS)
2500.00
2023-03-24 05:10:07.0
Bangalore
Hyderabad
Dep.8 AM Arr.10:30 AMx (2.5 HOURS)
2500.00
2023-03-24 05:08:44.0
Bangalore
Hyderabad
Dep.8 AM Arr.10:30 AMx (2.5 HOURS)
2500.00
2023-03-24 05:02:06.0
Bangalore
Hyderabad
Dep.8 AM Arr.10:30 AMx (2.5 HOURS)
2500.00
2023-03-24 04:42:32.0
Bangalore
Hyderabad
Dep.8 AM Arr.10:30 AMx (2.5 HOURS)
2500.00
2023-03-23 03:45:41.0
Bangalore
Hyderabad
Dep.8 AM Arr.10:30 AMx (2.5 HOURS)
2500.00
2023-03-23 03:44:37.0
Bangalore
Hyderabad
Dep.8 AM Arr.10:30 AMx (2.5 HOURS)
2500.00
2023-03-22 15:31:48.0
Bangalore
Hyderabad
Dep.8 AM Arr.10:30 AMx (2.5 HOURS)
2500.00
2023-03-22 15:22:43.0
Bangalore
Hyderabad
Dep.8 AM Arr.10:30 AMx (2.5 HOURS)
2500.00
2023-03-22 14:24:38.0
Bangalore
Hyderabad
Dep.8 AM Arr.10:30 AMx (2.5 HOURS)
2500.00






Bangalore
Hyderabad


Validation of Source after booking
Validation of Destination after booking





expected_value = 2
actual_Value = 2
]]></system-out>
    <system-err><![CDATA[Starting ChromeDriver 2.41.578700 (2f1ed5f9343c13f73144538f15c00b370eda6706) on port 14760
Only local connections are allowed.
Mar 24, 2023 6:29:59 AM org.openqa.selenium.devtools.CdpVersionFinder findNearestMatch
WARNING: Unable to find CDP implementation matching 83
Mar 24, 2023 6:29:59 AM org.openqa.selenium.chromium.ChromiumDriver lambda$new$3
WARNING: Unable to find version of CDP to use for . You may need to include a dependency on a specific version of the CDP using something similar to `org.seleniumhq.selenium:selenium-devtools-v86:4.8.1` where the version ("v86") matches the version of the chromium-based browser you're using and the version number of the artifact is the same as Selenium's.
]]></system-err>
  </testcase>
</testsuite>