<?xml version="1.0" encoding="UTF-8"?>
<!-- Generated by org.testng.reporters.JUnitReportReporter -->
<testsuite hostname="ip-172-31-23-227" failures="0" tests="3" name="com.test.JDBC.TestNg" time="14.754" errors="0" timestamp="24 Mar 2023 06:30:04 GMT" skipped="0">
  <testcase classname="com.test.JDBC.TestNg" name="Test2" time="5.545"/>
  <testcase classname="com.test.JDBC.TestNg" name="Test" time="5.185"/>
  <testcase classname="com.test.JDBC.TestNg" name="Test1" time="4.024"/>
</testsuite> <!-- com.test.JDBC.TestNg -->
